#
# There is insufficient memory for the Java Runtime Environment to continue.
# Native memory allocation (malloc) failed to allocate 1027216 bytes for Chunk::new
# Possible reasons:
#   The system is out of physical RAM or swap space
#   The process is running with CompressedOops enabled, and the Java Heap may be blocking the growth of the native heap
# Possible solutions:
#   Reduce memory load on the system
#   Increase physical memory or swap space
#   Check if swap backing store is full
#   Decrease Java heap size (-Xmx/-Xms)
#   Decrease number of Java threads
#   Decrease Java thread stack sizes (-Xss)
#   Set larger code cache with -XX:ReservedCodeCacheSize=
#   JVM is running with Unscaled Compressed Oops mode in which the Java heap is
#     placed in the first 4GB address space. The Java Heap base address is the
#     maximum limit for the native heap growth. Please use -XX:HeapBaseMinAddress
#     to set the Java Heap base and to place the Java Heap above 4GB virtual address.
# This output file may be truncated or incomplete.
#
#  Out of Memory Error (allocation.cpp:389), pid=244, tid=0x000000000000288c
#
# JRE version: OpenJDK Runtime Environment (8.0_242-b01) (build 1.8.0_242-release-1644-b01)
# Java VM: OpenJDK 64-Bit Server VM (25.242-b01 mixed mode windows-amd64 compressed oops)
# Failed to write core dump. Minidumps are not enabled by default on client versions of Windows
#

---------------  T H R E A D  ---------------

Current thread (0x0000000017be8800):  JavaThread "C2 CompilerThread0" daemon [_thread_in_native, id=10380, stack(0x0000000019230000,0x0000000019330000)]

Stack: [0x0000000019230000,0x0000000019330000]
[error occurred during error reporting (printing stack bounds), id 0xc0000005]

Native frames: (J=compiled Java code, j=interpreted, Vv=VM code, C=native code)


Current CompileTask:
C2:  73997 15763       4       com.android.tools.r8.code.u1::a (4075 bytes)


---------------  P R O C E S S  ---------------

Java Threads: ( => current thread )
  0x0000000020a6e000 JavaThread "ForkJoinPool-3-worker-0" daemon [_thread_blocked, id=2208, stack(0x0000000027f80000,0x0000000028080000)]
  0x0000000020a75000 JavaThread "ForkJoinPool-3-worker-3" daemon [_thread_blocked, id=9572, stack(0x0000000027680000,0x0000000027780000)]
  0x0000000020a74000 JavaThread "ForkJoinPool-3-worker-2" daemon [_thread_blocked, id=11484, stack(0x000000001c380000,0x000000001c480000)]
  0x0000000020a71000 JavaThread "ForkJoinPool-3-worker-1" daemon [_thread_blocked, id=2988, stack(0x0000000001200000,0x0000000001300000)]
  0x000000001e843800 JavaThread "Cache worker for Java compile cache (C:\Users\USER\AndroidStudioProjects\latihanLibraryZxing\.gradle\6.1.1\javaCompile)" [_thread_blocked, id=1272, stack(0x0000000027180000,0x0000000027280000)]
  0x000000001e844800 JavaThread "Cache worker for Java compile cache (C:\Users\USER\.gradle\caches\6.1.1\javaCompile)" [_thread_blocked, id=708, stack(0x0000000027080000,0x0000000027180000)]
  0x000000001e845000 JavaThread "stdout" [_thread_in_native, id=11032, stack(0x0000000026720000,0x0000000026820000)]
  0x000000001e83b800 JavaThread "stderr" [_thread_in_native, id=5916, stack(0x0000000026620000,0x0000000026720000)]
  0x000000001e842000 JavaThread "stdout" [_thread_in_native, id=4340, stack(0x0000000026520000,0x0000000026620000)]
  0x000000001e83a800 JavaThread "stderr" [_thread_in_native, id=4540, stack(0x0000000026420000,0x0000000026520000)]
  0x000000001e841800 JavaThread "stdout" [_thread_in_native, id=12012, stack(0x0000000026320000,0x0000000026420000)]
  0x000000001e83d800 JavaThread "stderr" [_thread_in_native, id=11300, stack(0x0000000026220000,0x0000000026320000)]
  0x000000001e83d000 JavaThread "stdout" [_thread_in_native, id=2100, stack(0x0000000026120000,0x0000000026220000)]
  0x000000001e83a000 JavaThread "stderr" [_thread_in_native, id=12048, stack(0x0000000026020000,0x0000000026120000)]
  0x000000001e840800 JavaThread "pool-2-thread-1" [_thread_blocked, id=10304, stack(0x0000000025f20000,0x0000000026020000)]
  0x000000001e840000 JavaThread "MarlinRenderer Disposer" daemon [_thread_blocked, id=9872, stack(0x0000000025d10000,0x0000000025e10000)]
  0x000000001e839000 JavaThread "Java2D Disposer" daemon [_thread_blocked, id=9780, stack(0x0000000025e20000,0x0000000025f20000)]
  0x000000001e838800 JavaThread "WorkerExecutor Queue Thread 4" [_thread_in_native, id=8724, stack(0x0000000025a10000,0x0000000025b10000)]
  0x000000001e83e800 JavaThread "WorkerExecutor Queue Thread 3" [_thread_blocked, id=10152, stack(0x0000000025910000,0x0000000025a10000)]
  0x000000001e83f000 JavaThread "WorkerExecutor Queue Thread 2" [_thread_blocked, id=8728, stack(0x0000000025810000,0x0000000025910000)]
  0x000000001b1ca000 JavaThread "WorkerExecutor Queue" [_thread_blocked, id=5396, stack(0x00000000254d0000,0x00000000255d0000)]
  0x000000001b1c6000 JavaThread "Cache worker for execution history cache (C:\Users\USER\AndroidStudioProjects\latihanLibraryZxing\.gradle\6.1.1\executionHistory)" [_thread_blocked, id=3540, stack(0x00000000253d0000,0x00000000254d0000)]
  0x000000001b1c8800 JavaThread "Execution worker for ':' Thread 3" [_thread_blocked, id=10556, stack(0x00000000250d0000,0x00000000251d0000)]
  0x000000001b1be800 JavaThread "Execution worker for ':' Thread 2" [_thread_blocked, id=11880, stack(0x0000000024fd0000,0x00000000250d0000)]
  0x000000001b1c5800 JavaThread "Execution worker for ':'" [_thread_blocked, id=5724, stack(0x0000000024ed0000,0x0000000024fd0000)]
  0x000000001b1be000 JavaThread "Cache worker for file content cache (C:\Users\USER\AndroidStudioProjects\latihanLibraryZxing\.gradle\6.1.1\fileContent)" [_thread_blocked, id=6680, stack(0x00000000249d0000,0x0000000024ad0000)]
  0x000000001b1c4800 JavaThread "Cache worker for file content cache (C:\Users\USER\.gradle\caches\6.1.1\fileContent)" [_thread_blocked, id=10684, stack(0x00000000248d0000,0x00000000249d0000)]
  0x000000001b1bd000 JavaThread "Memory manager" [_thread_blocked, id=11488, stack(0x00000000247d0000,0x00000000248d0000)]
  0x000000001b1bc800 JavaThread "Cache worker for Build Output Cleanup Cache (C:\Users\USER\AndroidStudioProjects\latihanLibraryZxing\.gradle\buildOutputCleanup)" [_thread_blocked, id=7512, stack(0x0000000023cd0000,0x0000000023dd0000)]
  0x000000001b1c2800 JavaThread "Build operations Thread 4" [_thread_blocked, id=10176, stack(0x0000000022530000,0x0000000022630000)]
  0x000000001b1c0000 JavaThread "Build operations Thread 3" [_thread_blocked, id=2792, stack(0x0000000022430000,0x0000000022530000)]
  0x000000001b1c1800 JavaThread "Build operations Thread 2" [_thread_blocked, id=4660, stack(0x0000000022330000,0x0000000022430000)]
  0x000000001b1bb800 JavaThread "Build operations" [_thread_blocked, id=10852, stack(0x0000000022230000,0x0000000022330000)]
  0x000000001b022000 JavaThread "Cache worker for execution history cache (C:\Users\USER\.gradle\caches\6.1.1\executionHistory)" [_thread_blocked, id=10576, stack(0x0000000021530000,0x0000000021630000)]
  0x000000001b020800 JavaThread "Cache worker for cache directory md-rule (C:\Users\USER\.gradle\caches\6.1.1\md-rule)" [_thread_blocked, id=8396, stack(0x0000000021430000,0x0000000021530000)]
  0x000000001b023800 JavaThread "Cache worker for cache directory md-supplier (C:\Users\USER\.gradle\caches\6.1.1\md-supplier)" [_thread_blocked, id=3896, stack(0x00000000200f0000,0x00000000201f0000)]
  0x000000001b020000 JavaThread "Cache worker for file hash cache (C:\Users\USER\AndroidStudioProjects\latihanLibraryZxing\.gradle\6.1.1\fileHashes)" [_thread_blocked, id=8160, stack(0x000000001fbf0000,0x000000001fcf0000)]
  0x000000001b026000 JavaThread "Cache worker for checksums cache (C:\Users\USER\AndroidStudioProjects\latihanLibraryZxing\.gradle\checksums)" [_thread_blocked, id=8896, stack(0x000000001faf0000,0x000000001fbf0000)]
  0x000000001b021800 JavaThread "Cache worker for file hash cache (C:\Users\USER\.gradle\caches\6.1.1\fileHashes)" [_thread_blocked, id=2068, stack(0x000000001d950000,0x000000001da50000)]
  0x000000001b024800 JavaThread "File lock request listener" [_thread_in_native, id=12064, stack(0x000000001d850000,0x000000001d950000)]
  0x00000000198b2000 JavaThread "Cache worker for journal cache (C:\Users\USER\.gradle\caches\journal-1)" [_thread_blocked, id=8644, stack(0x000000001d750000,0x000000001d850000)]
  0x000000001aa1b000 JavaThread "Thread-9" [_thread_blocked, id=9888, stack(0x000000001c480000,0x000000001c580000)]
  0x000000001aa19800 JavaThread "Asynchronous log dispatcher for DefaultDaemonConnection: socket connection from /127.0.0.1:2145 to /127.0.0.1:2146" [_thread_blocked, id=10712, stack(0x000000001c280000,0x000000001c380000)]
  0x000000001a7eb800 JavaThread "Daemon worker" [_thread_blocked, id=7748, stack(0x000000001c180000,0x000000001c280000)]
  0x000000001a7eb000 JavaThread "Cancel handler" [_thread_blocked, id=8208, stack(0x000000001c080000,0x000000001c180000)]
  0x000000001a43d800 JavaThread "Handler for socket connection from /127.0.0.1:2145 to /127.0.0.1:2146" [_thread_in_native, id=7100, stack(0x000000001bd80000,0x000000001be80000)]
  0x000000001a43f800 JavaThread "Daemon" [_thread_blocked, id=2076, stack(0x000000001bc80000,0x000000001bd80000)]
  0x000000001a8d8000 JavaThread "Daemon periodic checks" [_thread_blocked, id=6972, stack(0x000000001bb80000,0x000000001bc80000)]
  0x000000001a750000 JavaThread "Incoming local TCP Connector on port 2145" [_thread_in_native, id=11964, stack(0x000000001b940000,0x000000001ba40000)]
  0x000000001972a800 JavaThread "Daemon health stats" [_thread_blocked, id=11728, stack(0x000000001b300000,0x000000001b400000)]
  0x0000000017c3c800 JavaThread "Service Thread" daemon [_thread_blocked, id=896, stack(0x0000000019930000,0x0000000019a30000)]
  0x0000000017c39000 JavaThread "C1 CompilerThread2" daemon [_thread_blocked, id=10776, stack(0x0000000019430000,0x0000000019530000)]
  0x0000000017bff800 JavaThread "C2 CompilerThread1" daemon [_thread_in_native, id=6432, stack(0x0000000019330000,0x0000000019430000)]
=>0x0000000017be8800 JavaThread "C2 CompilerThread0" daemon [_thread_in_native, id=10380, stack(0x0000000019230000,0x0000000019330000)]
  0x0000000017be7000 JavaThread "Attach Listener" daemon [_thread_blocked, id=348, stack(0x0000000019130000,0x0000000019230000)]
  0x0000000017be5800 JavaThread "Signal Dispatcher" daemon [_thread_blocked, id=2508, stack(0x0000000019030000,0x0000000019130000)]
  0x0000000002fbb800 JavaThread "Finalizer" daemon [_thread_blocked, id=10260, stack(0x0000000018e30000,0x0000000018f30000)]
  0x0000000017bc9000 JavaThread "Reference Handler" daemon [_thread_blocked, id=10132, stack(0x0000000018d30000,0x0000000018e30000)]
  0x0000000002dae000 JavaThread "main" [_thread_blocked, id=11092, stack(0x0000000002db0000,0x0000000002eb0000)]

Other Threads:
  0x0000000017ba7800 VMThread [stack: 0x0000000018c30000,0x0000000018d30000] [id=9128]
  0x0000000017c3d000 WatcherThread [stack: 0x0000000019a30000,0x0000000019b30000] [id=3716]

VM state:not at safepoint (normal execution)

VM Mutex/Monitor currently owned by a thread: None

heap address: 0x0000000080000000, size: 2048 MB, Compressed Oops mode: 32-bit
Narrow klass base: 0x0000000000000000, Narrow klass shift: 3
Compressed class space size: 1073741824 Address: 0x0000000100000000

Heap:
 PSYoungGen      total 193536K, used 82781K [0x00000000d5580000, 0x00000000e4500000, 0x0000000100000000)
  eden space 172544K, 46% used [0x00000000d5580000,0x00000000da4624b0,0x00000000dfe00000)
  from space 20992K, 9% used [0x00000000e1c00000,0x00000000e1df5010,0x00000000e3080000)
  to   space 30720K, 0% used [0x00000000dfe00000,0x00000000dfe00000,0x00000000e1c00000)
 ParOldGen       total 79872K, used 79365K [0x0000000080000000, 0x0000000084e00000, 0x00000000d5580000)
  object space 79872K, 99% used [0x0000000080000000,0x0000000084d81448,0x0000000084e00000)
 Metaspace       used 88085K, capacity 92038K, committed 92976K, reserved 1130496K
  class space    used 11669K, capacity 12374K, committed 12592K, reserved 1048576K

Card table byte_map: [0x0000000012380000,0x0000000012790000] byte_map_base: 0x0000000011f80000

Marking Bits: (ParMarkBitMap*) 0x0000000077f7f030
 Begin Bits: [0x0000000012e40000, 0x0000000014e40000)
 End Bits:   [0x0000000014e40000, 0x0000000016e40000)

Polling page: 0x00000000016b0000

CodeCache: size=245760Kb used=43674Kb max_used=43674Kb free=202085Kb
 bounds [0x0000000002fc0000, 0x0000000005aa0000, 0x0000000011fc0000]
 total_blobs=14436 nmethods=13455 adapters=893
 compilation: enabled

Compilation events (10 events):
Event: 73.688 Thread 0x0000000017c39000 nmethod 15801% 0x0000000005a6e150 code [0x0000000005a6e300, 0x0000000005a6e838]
Event: 73.700 Thread 0x0000000017c39000 15804 % !   3       com.android.tools.r8.ir.conversion.O::a @ 41 (433 bytes)
Event: 73.705 Thread 0x0000000017c39000 nmethod 15804% 0x0000000005a81850 code [0x0000000005a81da0, 0x0000000005a85258]
Event: 73.705 Thread 0x0000000017c39000 15805   !   3       com.android.tools.r8.ir.conversion.O::a (433 bytes)
Event: 73.710 Thread 0x0000000017c39000 nmethod 15805 0x0000000005a86e10 code [0x0000000005a87360, 0x0000000005a8a718]
Event: 73.726 Thread 0x0000000017c39000 15806       3       com.android.tools.r8.graph.b0::a (299 bytes)
Event: 73.728 Thread 0x0000000017c39000 nmethod 15806 0x0000000005a8c1d0 code [0x0000000005a8c3e0, 0x0000000005a8cd10]
Event: 73.745 Thread 0x0000000017c39000 15808 %s    3       com.android.tools.r8.graph.W::e @ 23 (60 bytes)
Event: 73.747 Thread 0x0000000017c39000 nmethod 15808% 0x0000000005a8d5d0 code [0x0000000005a8d820, 0x0000000005a8e7d8]
Event: 73.747 Thread 0x0000000017c39000 15810  s    3       com.android.tools.r8.graph.W::e (60 bytes)

GC Heap History (10 events):
Event: 65.537 GC heap before
{Heap before GC invocations=32 (full 3):
 PSYoungGen      total 164864K, used 154268K [0x00000000d5580000, 0x00000000e1100000, 0x0000000100000000)
  eden space 140800K, 100% used [0x00000000d5580000,0x00000000ddf00000,0x00000000ddf00000)
  from space 24064K, 55% used [0x00000000df680000,0x00000000e03a7350,0x00000000e0e00000)
  to   space 24064K, 0% used [0x00000000ddf00000,0x00000000ddf00000,0x00000000df680000)
 ParOldGen       total 79872K, used 59820K [0x0000000080000000, 0x0000000084e00000, 0x00000000d5580000)
  object space 79872K, 74% used [0x0000000080000000,0x0000000083a6b0a0,0x0000000084e00000)
 Metaspace       used 87330K, capacity 91804K, committed 91952K, reserved 1128448K
  class space    used 11697K, capacity 12487K, committed 12592K, reserved 1048576K
Event: 65.560 GC heap after
Heap after GC invocations=32 (full 3):
 PSYoungGen      total 164864K, used 11276K [0x00000000d5580000, 0x00000000e1d80000, 0x0000000100000000)
  eden space 140800K, 0% used [0x00000000d5580000,0x00000000d5580000,0x00000000ddf00000)
  from space 24064K, 46% used [0x00000000ddf00000,0x00000000dea03208,0x00000000df680000)
  to   space 23040K, 0% used [0x00000000e0700000,0x00000000e0700000,0x00000000e1d80000)
 ParOldGen       total 79872K, used 59828K [0x0000000080000000, 0x0000000084e00000, 0x00000000d5580000)
  object space 79872K, 74% used [0x0000000080000000,0x0000000083a6d0a0,0x0000000084e00000)
 Metaspace       used 87330K, capacity 91804K, committed 91952K, reserved 1128448K
  class space    used 11697K, capacity 12487K, committed 12592K, reserved 1048576K
}
Event: 66.743 GC heap before
{Heap before GC invocations=33 (full 3):
 PSYoungGen      total 164864K, used 152076K [0x00000000d5580000, 0x00000000e1d80000, 0x0000000100000000)
  eden space 140800K, 100% used [0x00000000d5580000,0x00000000ddf00000,0x00000000ddf00000)
  from space 24064K, 46% used [0x00000000ddf00000,0x00000000dea03208,0x00000000df680000)
  to   space 23040K, 0% used [0x00000000e0700000,0x00000000e0700000,0x00000000e1d80000)
 ParOldGen       total 79872K, used 59828K [0x0000000080000000, 0x0000000084e00000, 0x00000000d5580000)
  object space 79872K, 74% used [0x0000000080000000,0x0000000083a6d0a0,0x0000000084e00000)
 Metaspace       used 87378K, capacity 91816K, committed 91952K, reserved 1128448K
  class space    used 11697K, capacity 12487K, committed 12592K, reserved 1048576K
Event: 66.780 GC heap after
Heap after GC invocations=33 (full 3):
 PSYoungGen      total 182784K, used 11052K [0x00000000d5580000, 0x00000000e1e00000, 0x0000000100000000)
  eden space 159744K, 0% used [0x00000000d5580000,0x00000000d5580000,0x00000000df180000)
  from space 23040K, 47% used [0x00000000e0700000,0x00000000e11cb0c8,0x00000000e1d80000)
  to   space 22016K, 0% used [0x00000000df180000,0x00000000df180000,0x00000000e0700000)
 ParOldGen       total 79872K, used 59828K [0x0000000080000000, 0x0000000084e00000, 0x00000000d5580000)
  object space 79872K, 74% used [0x0000000080000000,0x0000000083a6d0a0,0x0000000084e00000)
 Metaspace       used 87378K, capacity 91816K, committed 91952K, reserved 1128448K
  class space    used 11697K, capacity 12487K, committed 12592K, reserved 1048576K
}
Event: 68.310 GC heap before
{Heap before GC invocations=34 (full 3):
 PSYoungGen      total 182784K, used 170796K [0x00000000d5580000, 0x00000000e1e00000, 0x0000000100000000)
  eden space 159744K, 100% used [0x00000000d5580000,0x00000000df180000,0x00000000df180000)
  from space 23040K, 47% used [0x00000000e0700000,0x00000000e11cb0c8,0x00000000e1d80000)
  to   space 22016K, 0% used [0x00000000df180000,0x00000000df180000,0x00000000e0700000)
 ParOldGen       total 79872K, used 59828K [0x0000000080000000, 0x0000000084e00000, 0x00000000d5580000)
  object space 79872K, 74% used [0x0000000080000000,0x0000000083a6d0a0,0x0000000084e00000)
 Metaspace       used 87420K, capacity 91892K, committed 92208K, reserved 1128448K
  class space    used 11700K, capacity 12491K, committed 12592K, reserved 1048576K
Event: 68.333 GC heap after
Heap after GC invocations=34 (full 3):
 PSYoungGen      total 181760K, used 10080K [0x00000000d5580000, 0x00000000e3080000, 0x0000000100000000)
  eden space 159744K, 0% used [0x00000000d5580000,0x00000000d5580000,0x00000000df180000)
  from space 22016K, 45% used [0x00000000df180000,0x00000000dfb582e0,0x00000000e0700000)
  to   space 20992K, 0% used [0x00000000e1c00000,0x00000000e1c00000,0x00000000e3080000)
 ParOldGen       total 79872K, used 60347K [0x0000000080000000, 0x0000000084e00000, 0x00000000d5580000)
  object space 79872K, 75% used [0x0000000080000000,0x0000000083aeedc0,0x0000000084e00000)
 Metaspace       used 87420K, capacity 91892K, committed 92208K, reserved 1128448K
  class space    used 11700K, capacity 12491K, committed 12592K, reserved 1048576K
}
Event: 71.725 GC heap before
{Heap before GC invocations=35 (full 3):
 PSYoungGen      total 181760K, used 169824K [0x00000000d5580000, 0x00000000e3080000, 0x0000000100000000)
  eden space 159744K, 100% used [0x00000000d5580000,0x00000000df180000,0x00000000df180000)
  from space 22016K, 45% used [0x00000000df180000,0x00000000dfb582e0,0x00000000e0700000)
  to   space 20992K, 0% used [0x00000000e1c00000,0x00000000e1c00000,0x00000000e3080000)
 ParOldGen       total 79872K, used 60347K [0x0000000080000000, 0x0000000084e00000, 0x00000000d5580000)
  object space 79872K, 75% used [0x0000000080000000,0x0000000083aeedc0,0x0000000084e00000)
 Metaspace       used 88381K, capacity 92876K, committed 92976K, reserved 1130496K
  class space    used 11769K, capacity 12551K, committed 12592K, reserved 1048576K
Event: 71.809 GC heap after
Heap after GC invocations=35 (full 3):
 PSYoungGen      total 193536K, used 20965K [0x00000000d5580000, 0x00000000e4500000, 0x0000000100000000)
  eden space 172544K, 0% used [0x00000000d5580000,0x00000000d5580000,0x00000000dfe00000)
  from space 20992K, 99% used [0x00000000e1c00000,0x00000000e3079688,0x00000000e3080000)
  to   space 30720K, 0% used [0x00000000dfe00000,0x00000000dfe00000,0x00000000e1c00000)
 ParOldGen       total 79872K, used 79757K [0x0000000080000000, 0x0000000084e00000, 0x00000000d5580000)
  object space 79872K, 99% used [0x0000000080000000,0x0000000084de3408,0x0000000084e00000)
 Metaspace       used 88381K, capacity 92876K, committed 92976K, reserved 1130496K
  class space    used 11769K, capacity 12551K, committed 12592K, reserved 1048576K
}
Event: 71.809 GC heap before
{Heap before GC invocations=36 (full 4):
 PSYoungGen      total 193536K, used 20965K [0x00000000d5580000, 0x00000000e4500000, 0x0000000100000000)
  eden space 172544K, 0% used [0x00000000d5580000,0x00000000d5580000,0x00000000dfe00000)
  from space 20992K, 99% used [0x00000000e1c00000,0x00000000e3079688,0x00000000e3080000)
  to   space 30720K, 0% used [0x00000000dfe00000,0x00000000dfe00000,0x00000000e1c00000)
 ParOldGen       total 79872K, used 79757K [0x0000000080000000, 0x0000000084e00000, 0x00000000d5580000)
  object space 79872K, 99% used [0x0000000080000000,0x0000000084de3408,0x0000000084e00000)
 Metaspace       used 88381K, capacity 92876K, committed 92976K, reserved 1130496K
  class space    used 11769K, capacity 12551K, committed 12592K, reserved 1048576K
Event: 72.875 GC heap after
Heap after GC invocations=36 (full 4):
 PSYoungGen      total 193536K, used 2004K [0x00000000d5580000, 0x00000000e4500000, 0x0000000100000000)
  eden space 172544K, 0% used [0x00000000d5580000,0x00000000d5580000,0x00000000dfe00000)
  from space 20992K, 9% used [0x00000000e1c00000,0x00000000e1df5010,0x00000000e3080000)
  to   space 30720K, 0% used [0x00000000dfe00000,0x00000000dfe00000,0x00000000e1c00000)
 ParOldGen       total 79872K, used 79365K [0x0000000080000000, 0x0000000084e00000, 0x00000000d5580000)
  object space 79872K, 99% used [0x0000000080000000,0x0000000084d81448,0x0000000084e00000)
 Metaspace       used 88077K, capacity 92024K, committed 92976K, reserved 1130496K
  class space    used 11668K, capacity 12373K, committed 12592K, reserved 1048576K
}

Deoptimization events (10 events):
Event: 69.460 Thread 0x000000001b1ca000 Uncommon trap: reason=class_check action=maybe_recompile pc=0x000000000498a5b0 method=java.util.Spliterators$1Adapter.hasNext()Z @ 12
Event: 69.462 Thread 0x000000001b1ca000 Uncommon trap: reason=class_check action=maybe_recompile pc=0x000000000498a5b0 method=java.util.Spliterators$1Adapter.hasNext()Z @ 12
Event: 69.897 Thread 0x000000001b1ca000 Uncommon trap: reason=unstable_if action=reinterpret pc=0x0000000003dbc890 method=java.util.concurrent.ConcurrentHashMap.putVal(Ljava/lang/Object;Ljava/lang/Object;Z)Ljava/lang/Object; @ 331
Event: 69.903 Thread 0x000000001b1ca000 Uncommon trap: reason=unstable_if action=reinterpret pc=0x00000000038ce978 method=java.util.concurrent.ConcurrentHashMap.transfer([Ljava/util/concurrent/ConcurrentHashMap$Node;[Ljava/util/concurrent/ConcurrentHashMap$Node;)V @ 356
Event: 70.037 Thread 0x0000000020a75000 Uncommon trap: reason=unstable_if action=reinterpret pc=0x00000000038ed7f0 method=java.util.Arrays.hashCode([Ljava/lang/Object;)I @ 1
Event: 70.044 Thread 0x0000000020a75000 Uncommon trap: reason=unstable_if action=reinterpret pc=0x000000000393c6d0 method=java.util.concurrent.ConcurrentLinkedQueue.offer(Ljava/lang/Object;)Z @ 40
Event: 70.344 Thread 0x0000000020a7a000 Uncommon trap: reason=unstable_if action=reinterpret pc=0x00000000043ba3ec method=java.util.concurrent.ConcurrentLinkedQueue.offer(Ljava/lang/Object;)Z @ 91
Event: 70.547 Thread 0x000000001b1ca000 Uncommon trap: reason=unstable_if action=reinterpret pc=0x000000000510aaa4 method=com.android.tools.r8.dex.B.a(Lcom/android/tools/r8/graph/e0;)Lcom/android/tools/r8/dex/B; @ 18
Event: 70.558 Thread 0x000000001b1ca000 Uncommon trap: reason=unstable_if action=reinterpret pc=0x000000000510b0f4 method=java.util.concurrent.ConcurrentHashMap$Traverser.advance()Ljava/util/concurrent/ConcurrentHashMap$Node; @ 84
Event: 73.054 Thread 0x000000001a7eb800 Uncommon trap: reason=unstable_if action=reinterpret pc=0x00000000042759d4 method=org.gradle.internal.snapshot.PathUtil.equalChars(CCLorg/gradle/internal/snapshot/CaseSensitivity;)Z @ 40

Classes redefined (0 events):
No events

Internal exceptions (10 events):
Event: 59.646 Thread 0x000000001e83f000 Exception <a 'sun/nio/fs/WindowsException'> (0x00000000d73615e0) thrown at [C:\src\AOSP-openjdk-git\hotspot\src\share\vm\prims\jni.cpp, line 710]
Event: 59.648 Thread 0x000000001e83f000 Exception <a 'sun/nio/fs/WindowsException'> (0x00000000d7369970) thrown at [C:\src\AOSP-openjdk-git\hotspot\src\share\vm\prims\jni.cpp, line 710]
Event: 60.556 Thread 0x000000001a7eb800 Exception <a 'sun/nio/fs/WindowsException'> (0x00000000d8927398) thrown at [C:\src\AOSP-openjdk-git\hotspot\src\share\vm\prims\jni.cpp, line 710]
Event: 68.658 Thread 0x000000001a7eb800 Implicit null exception at 0x0000000004157a0f to 0x0000000004157b71
Event: 68.771 Thread 0x000000001a7eb800 Exception <a 'sun/nio/fs/WindowsException'> (0x00000000d700dbd0) thrown at [C:\src\AOSP-openjdk-git\hotspot\src\share\vm\prims\jni.cpp, line 710]
Event: 69.351 Thread 0x000000001a7eb800 Exception <a 'java/lang/NoSuchMethodError': <clinit>> (0x00000000d70d5a98) thrown at [C:\src\AOSP-openjdk-git\hotspot\src\share\vm\prims\jni.cpp, line 1615]
Event: 69.784 Thread 0x000000001b1ca000 Exception <a 'sun/nio/fs/WindowsException'> (0x00000000d77aeca8) thrown at [C:\src\AOSP-openjdk-git\hotspot\src\share\vm\prims\jni.cpp, line 710]
Event: 70.037 Thread 0x0000000020a75000 Implicit null exception at 0x00000000038ed6ef to 0x00000000038ed7e1
Event: 72.989 Thread 0x0000000020a74000 Exception <a 'sun/nio/fs/WindowsException'> (0x00000000d57a1830) thrown at [C:\src\AOSP-openjdk-git\hotspot\src\share\vm\prims\jni.cpp, line 710]
Event: 73.086 Thread 0x000000001e838800 Exception <a 'sun/nio/fs/WindowsException'> (0x00000000d5ee4168) thrown at [C:\src\AOSP-openjdk-git\hotspot\src\share\vm\prims\jni.cpp, line 710]

Events (10 events):
Event: 73.696 Executing VM operation: RevokeBias
Event: 73.698 Executing VM operation: RevokeBias done
Event: 73.698 Executing VM operation: RevokeBias
Event: 73.698 Executing VM operation: RevokeBias done
Event: 73.710 Thread 0x0000000020a71000 DEOPT PACKING pc=0x000000000565829f sp=0x00000000012feca0
Event: 73.710 Thread 0x0000000020a71000 DEOPT UNPACKING pc=0x00000000030075d0 sp=0x00000000012feab0 mode 0
Event: 73.722 Thread 0x0000000020a71000 DEOPT PACKING pc=0x00000000035424ee sp=0x00000000012feeb0
Event: 73.722 Thread 0x0000000020a71000 DEOPT UNPACKING pc=0x00000000030075d0 sp=0x00000000012feba0 mode 0
Event: 73.747 Executing VM operation: RevokeBias
Event: 73.748 Executing VM operation: RevokeBias done


Dynamic libraries:
0x00007ff684fb0000 - 0x00007ff684fe1000 	C:\Program Files\Android\Android Studio\jre\bin\java.exe
0x00007ffd3fcb0000 - 0x00007ffd3fea6000 	C:\WINDOWS\SYSTEM32\ntdll.dll
0x00007ffd1f0d0000 - 0x00007ffd1f0e2000 	C:\Program Files\AVAST Software\Avast\aswhook.dll
0x00007ffd3fa00000 - 0x00007ffd3fabd000 	C:\WINDOWS\System32\KERNEL32.DLL
0x00007ffd3d910000 - 0x00007ffd3dbd9000 	C:\WINDOWS\System32\KERNELBASE.dll
0x00007ffd3e480000 - 0x00007ffd3e52c000 	C:\WINDOWS\System32\ADVAPI32.dll
0x00007ffd3f220000 - 0x00007ffd3f2be000 	C:\WINDOWS\System32\msvcrt.dll
0x00007ffd3f180000 - 0x00007ffd3f21c000 	C:\WINDOWS\System32\sechost.dll
0x00007ffd3e270000 - 0x00007ffd3e39b000 	C:\WINDOWS\System32\RPCRT4.dll
0x00007ffd3fac0000 - 0x00007ffd3fc60000 	C:\WINDOWS\System32\USER32.dll
0x00007ffd3d3f0000 - 0x00007ffd3d412000 	C:\WINDOWS\System32\win32u.dll
0x00007ffd3dd10000 - 0x00007ffd3dd3a000 	C:\WINDOWS\System32\GDI32.dll
0x00007ffd3d5a0000 - 0x00007ffd3d6ab000 	C:\WINDOWS\System32\gdi32full.dll
0x00007ffd3dc70000 - 0x00007ffd3dd0d000 	C:\WINDOWS\System32\msvcp_win.dll
0x00007ffd3d6b0000 - 0x00007ffd3d7b0000 	C:\WINDOWS\System32\ucrtbase.dll
0x00007ffd27550000 - 0x00007ffd277eb000 	C:\WINDOWS\WinSxS\amd64_microsoft.windows.common-controls_6595b64144ccf1df_6.0.19041.746_none_ca02b4b61b8320a4\COMCTL32.dll
0x00007ffd3f560000 - 0x00007ffd3f590000 	C:\WINDOWS\System32\IMM32.DLL
0x0000000050170000 - 0x0000000050242000 	C:\Program Files\Android\Android Studio\jre\jre\bin\msvcr100.dll
0x00000000777b0000 - 0x0000000077ffb000 	C:\Program Files\Android\Android Studio\jre\jre\bin\server\jvm.dll
0x00007ffd3fc60000 - 0x00007ffd3fc68000 	C:\WINDOWS\System32\PSAPI.DLL
0x00007ffd35af0000 - 0x00007ffd35afa000 	C:\WINDOWS\SYSTEM32\VERSION.dll
0x00007ffd2fba0000 - 0x00007ffd2fbc7000 	C:\WINDOWS\SYSTEM32\WINMM.dll
0x00007ffd2be00000 - 0x00007ffd2be09000 	C:\WINDOWS\SYSTEM32\WSOCK32.dll
0x00007ffd3f2e0000 - 0x00007ffd3f34b000 	C:\WINDOWS\System32\ws2_32.DLL
0x00007ffd2e0e0000 - 0x00007ffd2e0ef000 	C:\Program Files\Android\Android Studio\jre\jre\bin\verify.dll
0x00007ffd2e0b0000 - 0x00007ffd2e0d9000 	C:\Program Files\Android\Android Studio\jre\jre\bin\java.dll
0x00007ffd2e090000 - 0x00007ffd2e0a6000 	C:\Program Files\Android\Android Studio\jre\jre\bin\zip.dll
0x00007ffd3e920000 - 0x00007ffd3f062000 	C:\WINDOWS\System32\SHELL32.dll
0x00007ffd3b540000 - 0x00007ffd3bcd0000 	C:\WINDOWS\SYSTEM32\windows.storage.dll
0x00007ffd3e530000 - 0x00007ffd3e886000 	C:\WINDOWS\System32\combase.dll
0x00007ffd3cd80000 - 0x00007ffd3cdac000 	C:\WINDOWS\SYSTEM32\Wldp.dll
0x00007ffd3f0d0000 - 0x00007ffd3f17e000 	C:\WINDOWS\System32\SHCORE.dll
0x00007ffd3f070000 - 0x00007ffd3f0c5000 	C:\WINDOWS\System32\shlwapi.dll
0x00007ffd3d320000 - 0x00007ffd3d346000 	C:\WINDOWS\SYSTEM32\profapi.dll
0x00007ffd2e040000 - 0x00007ffd2e05a000 	C:\Program Files\Android\Android Studio\jre\jre\bin\net.dll
0x00007ffd3cb00000 - 0x00007ffd3cb6a000 	C:\WINDOWS\system32\mswsock.dll
0x00007ffd2dff0000 - 0x00007ffd2e003000 	C:\Program Files\Android\Android Studio\jre\jre\bin\nio.dll
0x00007ffd0c790000 - 0x00007ffd0c7b6000 	C:\Users\USER\.gradle\native\31\windows-amd64\native-platform.dll
0x00007ffd211e0000 - 0x00007ffd211ed000 	C:\Program Files\Android\Android Studio\jre\jre\bin\management.dll
0x00007ffd3ccd0000 - 0x00007ffd3cce8000 	C:\WINDOWS\SYSTEM32\CRYPTSP.dll
0x00007ffd3c4a0000 - 0x00007ffd3c4d4000 	C:\WINDOWS\system32\rsaenh.dll
0x00007ffd3dbe0000 - 0x00007ffd3dc07000 	C:\WINDOWS\System32\bcrypt.dll
0x00007ffd3d2a0000 - 0x00007ffd3d2ce000 	C:\WINDOWS\SYSTEM32\USERENV.dll
0x00007ffd3d470000 - 0x00007ffd3d4f0000 	C:\WINDOWS\System32\bcryptprimitives.dll
0x00007ffd3ccf0000 - 0x00007ffd3ccfc000 	C:\WINDOWS\SYSTEM32\CRYPTBASE.dll
0x00007ffd3c7f0000 - 0x00007ffd3c82b000 	C:\WINDOWS\SYSTEM32\IPHLPAPI.DLL
0x00007ffd3e910000 - 0x00007ffd3e918000 	C:\WINDOWS\System32\NSI.dll
0x00007ffd34270000 - 0x00007ffd34287000 	C:\WINDOWS\SYSTEM32\dhcpcsvc6.DLL
0x00007ffd34340000 - 0x00007ffd3435d000 	C:\WINDOWS\SYSTEM32\dhcpcsvc.DLL
0x00007ffd3c830000 - 0x00007ffd3c8fb000 	C:\WINDOWS\SYSTEM32\DNSAPI.dll
0x00007ffcf74c0000 - 0x00007ffcf765c000 	C:\Program Files\Android\Android Studio\jre\jre\bin\awt.dll
0x00007ffd3f930000 - 0x00007ffd3f9fd000 	C:\WINDOWS\System32\OLEAUT32.dll
0x00007ffd3af60000 - 0x00007ffd3af8f000 	C:\WINDOWS\SYSTEM32\dwmapi.dll
0x00007ffd398a0000 - 0x00007ffd39e60000 	C:\WINDOWS\SYSTEM32\d2d1.dll
0x00007ffd3acb0000 - 0x00007ffd3ad40000 	C:\WINDOWS\SYSTEM32\apphelp.dll
0x00007ffd3ae40000 - 0x00007ffd3aede000 	C:\WINDOWS\system32\uxtheme.dll

VM Arguments:
jvm_args: -Xmx2048m -Dfile.encoding=windows-1252 -Duser.country=US -Duser.language=en -Duser.variant 
java_command: org.gradle.launcher.daemon.bootstrap.GradleDaemon 6.1.1
java_class_path (initial): C:\Users\USER\.gradle\wrapper\dists\gradle-6.1.1-all\cfmwm155h49vnt3hynmlrsdst\gradle-6.1.1\lib\gradle-launcher-6.1.1.jar
Launcher Type: SUN_STANDARD

Environment Variables:
JAVA_HOME=C:\Program Files\Java\jdk-12.0.2
PATH=C:\Program Files\nodejs;C:\Program Files (x86)\Common Files\Oracle\Java\javapath;C:\Program Files (x86)\Common Files\Intel\Shared Files\cpp\bin\Intel64;C:\WINDOWS\system32;C:\WINDOWS;C:\WINDOWS\System32\Wbem;C:\WINDOWS\System32\WindowsPowerShell\v1.0\;C:\Program Files\Microsoft SQL Server\120\Tools\Binn\;C:\Program Files\Java\jdk1.8.0_172\bin;C:\Program Files\apache-ant-1.10.6\bin;C:\Users\USER\AppData\Local\Android\android-sdk\tools\bin;C:\Program Files (x86)\gradle\bin;C:\Users\USER\AppData\Local\Android\android-sdk\platform-tools;C:\Users\USER\AppData\Local\Android\android-sdk\tools;C:\Program Files\Git\bin;C:\WINDOWS\System32\OpenSSH\;C:\xampp\php;C:\ProgramData\ComposerSetup\bin;C:\Users\USER\AppData\Local\Programs\Python\Python37-32\Scripts\;C:\Users\USER\AppData\Local\Programs\Python\Python37-32\;C:\Users\USER\AppData\Local\atom\bin;C:\Users\USER\AppData\Roaming\npm;C:\Users\USER\AppData\Local\Programs\Microsoft VS Code\bin;C:\Users\USER\AppData\Local\Microsoft\WindowsApps;D:\Rabbani S F M\Coding\laravel\composer\bin;C:\Users\USER\AppData\Roaming\Composer\vendor\bin;
USERNAME=RabbaniSidiqFM
OS=Windows_NT
PROCESSOR_IDENTIFIER=Intel64 Family 6 Model 78 Stepping 3, GenuineIntel



---------------  S Y S T E M  ---------------

OS: Windows 10.0 , 64 bit Build 19041 (10.0.19041.804)

CPU:total 4 (initial active 4) (2 cores per cpu, 2 threads per core) family 6 model 78 stepping 3, cmov, cx8, fxsr, mmx, sse, sse2, sse3, ssse3, sse4.1, sse4.2, popcnt, avx, avx2, aes, clmul, erms, 3dnowpref, lzcnt, ht, tsc, tscinvbit, bmi1, bmi2, adx

Memory: 4k page, physical 4066020k(258768k free), swap 5491428k(2760k free)

vm_info: OpenJDK 64-Bit Server VM (25.242-b01) for windows-amd64 JRE (1.8.0_242-release-1644-b01), built by "builder" with MS VC++ 10.0 (VS2010)

time: Fri Mar 05 20:20:25 2021
timezone: SE Asia Standard Time
elapsed time: 74 seconds (0d 0h 1m 14s)

